SF:/home/helio/Dropbox/WORK/dart/dartian/packages/dartian_di/lib/src/service_provider.dart
DA:10,1
LF:1
LH:1
end_of_record
SF:/home/helio/Dropbox/WORK/dart/dartian/packages/dartian_di/lib/src/module.dart
DA:11,1
DA:12,1
DA:20,1
DA:22,1
DA:24,2
DA:31,1
DA:32,1
LF:7
LH:7
end_of_record
SF:/home/helio/Dropbox/WORK/dart/dartian/packages/dartian_di/lib/src/container.dart
DA:12,1
DA:16,3
DA:23,1
DA:27,2
DA:34,1
DA:38,2
DA:44,1
DA:45,2
DA:51,1
DA:52,2
DA:58,1
DA:59,2
DA:63,1
DA:64,2
DA:68,1
DA:69,2
LF:16
LH:16
end_of_record
