SF:/home/helio/Dropbox/WORK/dart/dartian/packages/dartian_redis/lib/src/redis_client.dart
DA:7,2
DA:9,1
DA:12,1
DA:13,1
DA:26,2
DA:32,0
DA:33,0
DA:34,0
DA:36,0
DA:37,0
DA:40,0
DA:41,0
DA:46,0
DA:49,0
DA:50,0
DA:54,0
DA:56,0
DA:58,0
DA:63,0
DA:64,0
DA:69,0
DA:70,0
DA:75,0
DA:76,0
DA:77,0
DA:81,0
DA:82,0
DA:86,0
DA:87,0
DA:92,0
DA:93,0
LF:31
LH:5
end_of_record
SF:/home/helio/Dropbox/WORK/dart/dartian/packages/dartian_redis/lib/src/cache.dart
DA:7,2
DA:10,1
DA:11,2
DA:16,1
DA:23,1
DA:24,1
DA:25,2
DA:29,1
DA:30,2
DA:34,1
DA:35,2
DA:39,1
DA:40,3
DA:44,1
DA:45,2
DA:49,1
DA:50,2
DA:54,1
DA:55,1
DA:56,2
DA:57,2
DA:63,1
DA:64,2
DA:65,3
DA:70,1
DA:71,1
DA:72,1
DA:76,1
DA:77,1
LF:29
LH:29
end_of_record
SF:/home/helio/Dropbox/WORK/dart/dartian/packages/dartian_redis/lib/src/pubsub.dart
DA:10,0
DA:19,1
DA:22,3
DA:25,1
DA:26,3
DA:29,1
DA:33,1
DA:34,3
DA:38,1
DA:39,3
DA:44,1
DA:50,1
DA:51,2
LF:13
LH:12
end_of_record
