SF:/home/helio/Dropbox/WORK/dart/dartian/packages/dartian_orm/lib/src/database.dart
DA:7,6
DA:9,3
DA:12,3
DA:13,6
DA:14,3
DA:20,1
DA:21,2
DA:22,2
DA:23,1
DA:31,3
DA:34,3
DA:43,0
DA:45,0
DA:48,6
DA:50,12
DA:54,3
DA:55,6
DA:57,6
DA:61,2
DA:65,4
DA:66,2
DA:67,1
DA:69,6
DA:73,1
DA:74,2
DA:76,1
DA:78,1
DA:82,3
DA:83,6
LF:29
LH:27
end_of_record
SF:/home/helio/Dropbox/WORK/dart/dartian/packages/dartian_orm/lib/src/repository.dart
DA:7,1
DA:34,1
DA:39,1
DA:41,1
DA:43,2
DA:44,3
DA:45,5
DA:48,1
DA:50,2
DA:51,3
DA:52,1
DA:53,3
DA:56,1
DA:58,2
DA:59,2
DA:60,4
DA:61,2
DA:62,4
DA:66,1
DA:68,2
DA:69,1
DA:70,5
DA:71,2
DA:72,5
DA:76,1
DA:78,2
DA:79,3
DA:82,1
DA:84,2
DA:85,3
LF:30
LH:30
end_of_record
SF:/home/helio/Dropbox/WORK/dart/dartian/packages/dartian_orm/lib/src/query_builder.dart
DA:8,1
DA:11,1
DA:12,3
DA:16,1
DA:17,3
DA:21,1
DA:22,3
DA:26,1
DA:27,3
DA:40,1
DA:43,1
DA:44,2
DA:45,2
DA:47,3
DA:49,2
DA:54,1
DA:55,3
DA:60,1
DA:61,1
DA:66,1
DA:67,1
DA:72,1
DA:73,4
DA:74,3
DA:75,2
DA:78,2
DA:79,4
DA:80,1
DA:81,3
DA:82,1
DA:84,3
DA:87,2
DA:97,1
DA:100,1
DA:101,3
DA:102,5
DA:103,2
DA:104,5
DA:115,1
DA:118,1
DA:119,2
DA:120,2
DA:122,3
DA:124,2
DA:129,1
DA:130,6
DA:131,3
DA:132,6
DA:142,1
DA:145,1
DA:146,2
DA:147,2
DA:149,0
DA:151,2
DA:156,1
DA:157,3
DA:158,3
LF:57
LH:56
end_of_record
SF:/home/helio/Dropbox/WORK/dart/dartian/packages/dartian_orm/lib/src/drift_database.dart
DA:15,1
DA:19,1
DA:24,1
DA:36,1
DA:66,0
DA:68,0
DA:71,0
DA:72,0
DA:73,0
DA:74,0
DA:75,0
DA:76,0
DA:77,0
DA:79,0
DA:80,0
DA:81,0
DA:83,0
DA:85,0
DA:86,0
DA:87,0
DA:88,0
DA:89,0
DA:90,0
DA:92,0
DA:97,0
LF:25
LH:4
end_of_record
SF:/home/helio/Dropbox/WORK/dart/dartian/packages/dartian_orm/lib/src/drift_database.g.dart
DA:7,0
DA:8,0
DA:9,0
DA:11,0
DA:12,0
DA:13,0
DA:18,0
LF:7
LH:0
end_of_record
SF:/home/helio/Dropbox/WORK/dart/dartian/packages/dartian_orm/lib/src/model.dart
DA:44,1
DA:45,1
DA:46,3
DA:48,4
DA:51,3
DA:52,4
DA:53,0
DA:58,1
DA:59,1
DA:60,1
DA:62,3
DA:63,4
DA:64,0
DA:68,1
DA:72,1
DA:81,2
DA:83,2
DA:87,2
DA:91,10
DA:95,2
DA:96,2
DA:100,2
DA:101,2
DA:113,2
DA:116,2
DA:117,8
DA:121,1
DA:122,3
DA:123,3
DA:124,0
DA:125,0
DA:126,0
DA:130,2
DA:132,10
DA:136,2
DA:137,8
DA:138,10
DA:139,2
DA:140,2
DA:144,1
DA:147,1
LF:41
LH:36
end_of_record
SF:/home/helio/Dropbox/WORK/dart/dartian/packages/dartian_orm/lib/src/relationships.dart
DA:21,1
DA:29,1
DA:30,3
DA:31,3
DA:32,0
DA:36,1
DA:37,1
DA:58,1
DA:65,1
DA:66,1
DA:68,3
DA:69,3
DA:70,0
DA:71,0
DA:72,0
DA:76,1
DA:77,1
DA:100,1
DA:108,1
DA:109,3
DA:110,3
DA:111,0
DA:112,0
DA:113,0
DA:117,1
DA:118,1
DA:145,1
DA:155,1
DA:158,3
DA:159,3
DA:160,0
DA:162,0
DA:165,0
DA:166,0
DA:167,0
DA:169,0
DA:173,1
DA:174,2
DA:175,0
DA:179,1
DA:180,3
DA:181,2
DA:182,2
DA:183,0
DA:187,1
DA:189,3
DA:190,3
DA:191,0
DA:194,0
DA:195,0
DA:200,1
DA:201,1
DA:206,0
DA:208,0
DA:213,0
DA:214,0
DA:219,1
DA:220,1
DA:225,1
DA:227,1
LF:60
LH:38
end_of_record
SF:/home/helio/Dropbox/WORK/dart/dartian/packages/dartian_orm/lib/src/migration.dart
DA:17,0
DA:21,0
DA:22,0
DA:23,0
DA:29,0
DA:33,0
DA:35,0
DA:36,0
DA:37,0
DA:46,0
DA:47,0
DA:48,0
DA:49,0
DA:51,0
DA:55,0
DA:56,0
DA:57,0
DA:59,0
DA:60,0
DA:61,0
DA:63,0
DA:67,0
DA:68,0
DA:70,0
DA:71,0
DA:72,0
DA:73,0
DA:74,0
DA:76,0
DA:80,0
DA:82,0
DA:83,0
DA:84,0
DA:86,0
DA:89,0
DA:91,0
DA:92,0
DA:93,0
DA:96,0
DA:98,0
DA:99,0
DA:104,0
DA:108,0
DA:109,0
DA:113,0
DA:114,0
DA:116,0
DA:117,0
DA:118,0
DA:123,0
DA:125,0
DA:126,0
DA:129,0
DA:131,0
DA:132,0
DA:133,0
DA:138,0
DA:141,0
DA:143,0
DA:144,0
DA:145,0
DA:148,0
DA:149,0
DA:151,0
DA:152,0
DA:162,0
DA:163,0
DA:164,0
DA:165,0
DA:167,0
DA:168,0
DA:169,0
DA:170,0
DA:171,0
LF:74
LH:0
end_of_record
SF:/home/helio/Dropbox/WORK/dart/dartian/packages/dartian_orm/lib/src/drift_migration.dart
DA:15,1
DA:16,1
DA:17,2
DA:34,1
DA:35,1
DA:44,1
DA:47,1
DA:48,3
DA:52,1
DA:54,1
DA:55,2
DA:59,1
DA:60,3
DA:64,1
DA:71,1
DA:72,2
DA:73,1
DA:77,1
DA:78,3
DA:82,1
DA:83,2
LF:21
LH:21
end_of_record
