SF:/home/helio/Dropbox/WORK/dart/dartian/packages/dartian_orm/lib/src/database.dart
DA:7,8
DA:9,4
DA:12,4
DA:13,8
DA:14,4
DA:20,1
DA:21,2
DA:22,2
DA:23,1
DA:31,4
DA:34,4
DA:43,2
DA:45,2
DA:48,8
DA:50,16
DA:54,4
DA:55,8
DA:57,8
DA:61,3
DA:65,6
DA:66,3
DA:67,1
DA:69,9
DA:73,2
DA:74,4
DA:76,2
DA:78,2
DA:82,4
DA:83,8
LF:29
LH:29
end_of_record
SF:/home/helio/Dropbox/WORK/dart/dartian/packages/dartian_orm/lib/src/repository.dart
DA:7,1
DA:34,1
DA:39,1
DA:41,1
DA:43,2
DA:44,3
DA:45,5
DA:48,1
DA:50,2
DA:51,3
DA:52,1
DA:53,3
DA:56,1
DA:58,2
DA:59,2
DA:60,4
DA:61,2
DA:62,4
DA:66,1
DA:68,2
DA:69,1
DA:70,5
DA:71,2
DA:72,5
DA:76,1
DA:78,2
DA:79,3
DA:82,1
DA:84,2
DA:85,3
LF:30
LH:30
end_of_record
SF:/home/helio/Dropbox/WORK/dart/dartian/packages/dartian_orm/lib/src/query_builder.dart
DA:8,1
DA:11,1
DA:12,3
DA:16,1
DA:17,3
DA:21,1
DA:22,3
DA:26,1
DA:27,3
DA:40,1
DA:43,1
DA:44,2
DA:45,2
DA:47,3
DA:49,2
DA:54,1
DA:55,3
DA:60,1
DA:61,1
DA:66,1
DA:67,1
DA:72,1
DA:73,4
DA:74,3
DA:75,2
DA:78,2
DA:79,4
DA:80,1
DA:81,3
DA:82,1
DA:84,3
DA:87,2
DA:97,1
DA:100,1
DA:101,3
DA:102,5
DA:103,2
DA:104,5
DA:115,1
DA:118,1
DA:119,2
DA:120,2
DA:122,3
DA:124,2
DA:129,1
DA:130,6
DA:131,3
DA:132,6
DA:142,1
DA:145,1
DA:146,2
DA:147,2
DA:149,3
DA:151,2
DA:156,1
DA:157,3
DA:158,3
LF:57
LH:57
end_of_record
SF:/home/helio/Dropbox/WORK/dart/dartian/packages/dartian_orm/lib/src/drift_database.dart
DA:15,2
DA:19,2
DA:24,2
DA:36,2
DA:66,3
DA:68,0
DA:71,1
DA:72,1
DA:73,1
DA:74,1
DA:75,1
DA:76,1
DA:77,1
DA:79,3
DA:80,1
DA:81,1
DA:83,1
DA:85,0
DA:86,0
DA:87,0
DA:88,0
DA:89,0
DA:90,0
DA:92,0
DA:97,2
LF:25
LH:17
end_of_record
SF:/home/helio/Dropbox/WORK/dart/dartian/packages/dartian_orm/lib/src/drift_database.g.dart
DA:7,2
DA:8,0
DA:9,0
DA:11,0
DA:12,1
DA:13,1
DA:18,0
LF:7
LH:3
end_of_record
SF:/home/helio/Dropbox/WORK/dart/dartian/packages/dartian_orm/lib/src/model.dart
DA:44,1
DA:45,1
DA:46,3
DA:48,4
DA:51,3
DA:52,4
DA:53,0
DA:58,1
DA:59,1
DA:60,1
DA:62,3
DA:63,4
DA:64,0
DA:68,1
DA:72,1
DA:81,2
DA:83,2
DA:87,2
DA:91,10
DA:95,2
DA:96,2
DA:100,2
DA:101,2
DA:113,2
DA:116,2
DA:117,8
DA:121,1
DA:122,3
DA:123,3
DA:124,0
DA:125,0
DA:126,0
DA:130,2
DA:132,10
DA:136,2
DA:137,8
DA:138,10
DA:139,2
DA:140,2
DA:144,1
DA:147,1
LF:41
LH:36
end_of_record
SF:/home/helio/Dropbox/WORK/dart/dartian/packages/dartian_orm/lib/src/relationships.dart
DA:21,1
DA:29,1
DA:30,3
DA:31,3
DA:32,2
DA:36,0
DA:37,0
DA:55,1
DA:58,0
DA:62,1
DA:63,1
DA:65,3
DA:66,3
DA:67,1
DA:68,1
DA:69,2
DA:70,0
DA:71,0
DA:72,0
DA:76,0
DA:77,0
DA:94,1
DA:100,0
DA:102,1
DA:103,3
DA:104,3
DA:105,1
DA:106,1
DA:107,2
DA:108,0
DA:109,0
DA:110,0
DA:111,0
DA:112,0
DA:113,0
DA:117,0
DA:118,0
DA:136,1
DA:145,0
DA:146,1
DA:149,3
DA:150,3
DA:151,1
DA:153,2
DA:155,0
DA:156,4
DA:157,3
DA:158,3
DA:159,0
DA:160,2
DA:162,0
DA:164,1
DA:165,2
DA:166,4
DA:167,0
DA:169,0
DA:170,1
DA:171,3
DA:172,2
DA:173,2
DA:174,1
DA:175,0
DA:178,1
DA:179,0
DA:180,3
DA:181,3
DA:182,1
DA:183,0
DA:185,2
DA:186,1
DA:187,0
DA:189,0
DA:190,0
DA:191,0
DA:194,0
DA:195,0
DA:200,0
DA:201,0
DA:206,0
DA:208,0
DA:213,0
DA:214,0
DA:219,0
DA:220,0
DA:225,0
DA:227,0
LF:86
LH:44
end_of_record
SF:/home/helio/Dropbox/WORK/dart/dartian/packages/dartian_orm/lib/src/migration.dart
DA:17,1
DA:21,1
DA:22,2
DA:23,1
DA:29,2
DA:33,1
DA:35,2
DA:36,2
DA:37,1
DA:46,1
DA:47,2
DA:48,2
DA:49,1
DA:51,4
DA:55,1
DA:56,1
DA:57,2
DA:59,2
DA:60,2
DA:61,1
DA:63,4
DA:67,1
DA:68,1
DA:70,2
DA:71,1
DA:72,4
DA:73,1
DA:74,5
DA:76,1
DA:80,2
DA:82,2
DA:83,1
DA:84,1
DA:86,2
DA:89,2
DA:91,2
DA:92,2
DA:93,3
DA:96,2
DA:98,2
DA:99,2
DA:104,1
DA:108,1
DA:109,1
DA:113,2
DA:114,1
DA:116,1
DA:117,1
DA:118,1
DA:123,1
DA:125,2
DA:126,1
DA:129,2
DA:131,2
DA:132,2
DA:133,1
DA:138,2
DA:141,2
DA:143,2
DA:144,2
DA:145,1
DA:148,2
DA:149,1
DA:151,2
DA:152,2
DA:162,1
DA:163,2
DA:164,3
DA:165,4
DA:167,1
DA:168,1
DA:169,1
DA:170,1
DA:171,2
LF:74
LH:74
end_of_record
SF:/home/helio/Dropbox/WORK/dart/dartian/packages/dartian_orm/lib/src/drift_migration.dart
DA:15,1
DA:16,1
DA:17,2
DA:34,1
DA:35,1
DA:44,1
DA:47,1
DA:48,3
DA:52,1
DA:54,1
DA:55,2
DA:59,1
DA:60,3
DA:64,1
DA:71,1
DA:72,2
DA:73,1
DA:77,1
DA:78,3
DA:82,1
DA:83,2
LF:21
LH:21
end_of_record
