SF:/home/helio/Dropbox/WORK/dart/dartian/packages/dartian_scheduler/lib/src/scheduler.dart
DA:12,2
DA:15,2
DA:18,1
DA:19,1
DA:20,3
DA:22,2
DA:24,1
DA:28,2
DA:29,1
DA:31,1
DA:32,2
DA:33,3
DA:36,1
DA:37,1
DA:39,1
DA:40,2
DA:44,3
DA:45,3
DA:47,2
DA:48,1
DA:52,1
DA:53,1
DA:54,3
DA:56,2
DA:58,1
DA:61,2
DA:62,1
DA:64,1
DA:65,2
DA:68,1
DA:69,1
DA:71,1
DA:72,2
DA:76,3
DA:77,3
DA:79,2
DA:80,1
DA:84,1
DA:85,2
DA:88,1
DA:89,3
DA:90,2
DA:91,2
DA:92,2
DA:96,3
DA:99,4
DA:102,1
DA:103,7
DA:107,1
DA:108,1
DA:112,1
DA:113,1
DA:117,1
DA:118,1
DA:121,3
DA:122,1
DA:124,2
DA:125,2
DA:126,2
LF:59
LH:59
end_of_record
SF:/home/helio/Dropbox/WORK/dart/dartian/packages/dartian_scheduler/lib/src/task.dart
DA:16,4
DA:26,2
DA:27,1
DA:28,1
DA:29,1
DA:30,2
DA:31,2
DA:32,2
DA:33,2
DA:34,1
DA:38,2
DA:39,1
DA:40,1
DA:41,1
DA:42,0
DA:43,2
DA:44,3
DA:45,4
DA:46,4
DA:47,2
LF:20
LH:19
end_of_record
SF:/home/helio/Dropbox/WORK/dart/dartian/packages/dartian_scheduler/lib/src/schedule_manager.dart
DA:8,3
DA:9,6
DA:13,3
DA:14,15
DA:18,3
DA:21,1
DA:23,5
DA:30,1
DA:31,3
DA:34,2
DA:35,1
DA:39,3
DA:40,6
DA:44,1
DA:45,1
DA:46,2
DA:47,3
DA:48,4
DA:49,1
LF:19
LH:19
end_of_record
SF:/home/helio/Dropbox/WORK/dart/dartian/packages/dartian_scheduler/lib/src/cron_expression.dart
DA:18,2
DA:32,2
DA:33,6
DA:35,4
DA:36,2
DA:37,4
DA:41,2
DA:43,4
DA:44,4
DA:45,4
DA:46,4
DA:47,4
DA:52,2
DA:54,2
DA:55,10
DA:59,2
DA:60,2
DA:61,4
DA:63,2
DA:64,3
DA:67,4
DA:68,10
DA:69,2
DA:71,12
DA:75,2
DA:76,2
DA:77,2
DA:79,4
DA:80,2
DA:81,2
DA:83,2
DA:84,4
DA:85,0
DA:87,2
DA:91,2
DA:95,2
DA:96,1
DA:100,2
DA:101,4
DA:102,2
DA:105,2
DA:109,1
DA:110,1
DA:112,2
DA:113,2
DA:116,2
DA:117,2
DA:119,3
DA:120,2
DA:123,5
DA:127,2
DA:128,6
DA:129,6
DA:130,6
DA:131,6
DA:132,8
DA:136,2
DA:138,2
DA:139,2
DA:140,2
DA:141,2
DA:142,2
DA:143,2
DA:144,2
DA:147,2
DA:149,2
DA:150,2
DA:155,2
DA:162,1
DA:163,1
DA:166,3
DA:167,1
DA:168,3
DA:169,4
DA:171,8
DA:175,3
DA:176,1
DA:177,3
DA:178,6
DA:180,8
DA:184,3
DA:185,3
DA:186,4
DA:188,8
DA:193,3
DA:194,3
DA:195,5
DA:197,9
DA:202,3
DA:203,3
DA:204,5
DA:206,9
DA:210,1
DA:213,1
DA:215,2
DA:218,1
DA:220,1
DA:223,1
DA:224,1
LF:99
LH:98
end_of_record
SF:/home/helio/Dropbox/WORK/dart/dartian/packages/dartian_scheduler/lib/src/cron_scheduler.dart
DA:21,2
DA:24,2
DA:41,1
DA:43,1
DA:45,1
DA:46,3
DA:50,1
DA:54,2
DA:55,1
DA:57,3
DA:58,3
DA:60,2
DA:61,1
DA:65,1
DA:66,2
DA:70,1
DA:71,1
DA:75,1
DA:76,2
DA:80,1
DA:81,1
DA:82,2
DA:86,1
DA:87,2
DA:91,1
DA:92,2
DA:95,1
DA:96,2
DA:97,2
DA:98,2
DA:102,3
DA:105,4
DA:108,1
DA:109,7
DA:113,1
DA:114,1
DA:117,2
DA:118,0
DA:122,1
DA:126,1
DA:127,1
DA:129,1
DA:131,3
DA:132,1
DA:133,1
DA:134,2
DA:139,3
DA:140,1
DA:146,1
DA:147,1
DA:148,2
DA:151,2
DA:152,1
DA:154,0
DA:155,0
DA:159,2
DA:160,1
DA:164,1
DA:169,1
DA:170,1
DA:171,2
DA:172,1
DA:176,1
DA:177,1
DA:178,2
DA:179,2
DA:180,2
LF:67
LH:64
end_of_record
