SF:/home/helio/Dropbox/WORK/dart/dartian/packages/dartian_i18n/lib/src/translator.dart
DA:7,3
DA:8,2
DA:9,1
DA:16,1
DA:17,1
DA:18,1
DA:22,1
DA:23,1
DA:24,1
DA:26,1
DA:30,1
DA:31,2
DA:32,3
DA:33,2
DA:39,1
DA:41,2
DA:42,1
DA:44,2
DA:45,3
DA:48,3
DA:56,1
DA:57,2
DA:58,2
DA:59,3
DA:60,2
DA:62,3
DA:68,1
DA:69,2
DA:70,2
DA:71,2
DA:72,2
DA:73,0
DA:74,0
DA:80,1
DA:81,1
DA:83,1
DA:87,3
DA:90,1
DA:92,1
DA:95,1
DA:98,1
DA:99,1
DA:106,1
DA:108,3
DA:109,3
DA:113,1
DA:114,2
DA:115,3
DA:116,3
DA:121,6
DA:122,0
DA:130,1
DA:134,2
DA:135,1
DA:137,2
DA:138,1
DA:139,2
DA:140,1
DA:147,1
DA:148,1
DA:149,1
DA:153,6
DA:156,1
DA:157,1
DA:158,5
DA:162,1
DA:163,2
DA:168,3
LF:68
LH:65
end_of_record
SF:/home/helio/Dropbox/WORK/dart/dartian/packages/dartian_i18n/lib/src/i18n.dart
DA:6,1
DA:7,2
DA:11,1
DA:12,1
DA:19,0
DA:20,0
DA:28,1
DA:30,2
DA:32,4
DA:34,6
DA:36,1
DA:37,1
DA:39,1
DA:42,4
DA:45,1
DA:46,2
DA:52,1
DA:53,1
DA:58,1
DA:59,2
DA:60,1
DA:61,2
DA:62,1
DA:71,1
DA:72,1
DA:75,1
DA:78,1
DA:79,2
DA:80,1
DA:87,1
DA:95,4
DA:99,1
DA:114,1
LF:33
LH:31
end_of_record
