SF:/home/helio/Dropbox/WORK/dart/dartian/packages/dartian_http/lib/src/kernel.dart
DA:11,1
DA:12,3
DA:13,2
DA:16,1
DA:17,2
DA:18,2
DA:19,1
DA:23,2
DA:25,1
DA:27,1
DA:28,1
DA:30,3
DA:31,3
DA:33,1
DA:34,2
DA:37,1
DA:38,0
DA:39,0
DA:42,2
DA:43,0
DA:45,1
DA:48,1
DA:55,1
DA:58,3
DA:59,1
DA:61,1
DA:65,1
DA:66,1
DA:67,1
DA:70,0
DA:71,0
LF:31
LH:26
end_of_record
SF:/home/helio/Dropbox/WORK/dart/dartian/packages/dartian_http/lib/src/response.dart
DA:5,2
DA:6,2
DA:8,2
DA:11,2
DA:16,2
DA:17,2
DA:19,2
DA:27,2
DA:28,2
DA:30,2
DA:38,2
DA:39,2
DA:46,2
DA:47,2
LF:14
LH:14
end_of_record
SF:/home/helio/Dropbox/WORK/dart/dartian/packages/dartian_http/lib/src/middleware.dart
DA:8,1
DA:9,1
DA:10,1
DA:12,2
DA:15,2
DA:16,1
DA:19,2
DA:23,1
DA:39,1
DA:47,1
DA:48,1
DA:49,2
DA:53,1
DA:57,2
DA:58,1
DA:59,1
DA:60,3
DA:61,1
DA:63,1
DA:68,2
DA:69,1
DA:71,1
DA:72,1
DA:73,2
DA:74,2
DA:75,1
DA:76,1
DA:77,2
DA:83,1
DA:86,2
DA:87,1
DA:88,3
DA:89,1
DA:113,1
DA:122,1
DA:123,1
DA:124,3
DA:125,1
DA:126,2
DA:129,1
DA:130,3
DA:131,4
DA:133,1
DA:137,1
DA:139,1
DA:140,2
DA:142,1
DA:143,2
DA:144,1
DA:147,3
DA:148,3
DA:151,1
DA:152,3
DA:153,4
DA:155,1
DA:162,1
DA:163,1
DA:164,1
DA:166,4
DA:167,1
DA:170,1
DA:173,2
DA:174,2
DA:179,4
DA:180,3
DA:181,3
DA:184,1
DA:185,2
DA:186,1
DA:190,1
DA:191,1
DA:192,2
DA:193,1
DA:197,1
DA:198,1
DA:199,2
DA:200,1
DA:205,1
DA:208,1
DA:210,2
DA:211,2
DA:217,1
DA:220,1
DA:221,2
DA:222,1
DA:223,3
DA:224,4
LF:87
LH:87
end_of_record
