SF:/home/helio/Dropbox/WORK/dart/dartian/packages/dartian_core/lib/src/telemetry.dart
DA:5,3
DA:6,3
DA:9,3
DA:12,3
DA:13,3
DA:16,1
DA:17,2
DA:21,1
DA:22,2
DA:26,1
DA:27,2
DA:31,1
DA:32,2
DA:36,1
DA:37,2
DA:41,1
DA:42,2
DA:44,1
DA:52,1
DA:53,2
DA:55,1
DA:63,1
DA:64,2
DA:66,1
DA:74,1
DA:75,2
DA:77,1
DA:85,1
DA:86,2
DA:88,1
DA:96,1
DA:97,2
DA:98,2
DA:99,2
DA:100,2
DA:101,2
DA:105,1
DA:106,3
DA:107,3
DA:108,3
DA:109,3
DA:110,2
LF:42
LH:42
end_of_record
SF:/home/helio/Dropbox/WORK/dart/dartian/packages/dartian_core/lib/src/helpers.dart
DA:4,1
DA:5,5
DA:8,1
DA:10,2
DA:12,2
DA:13,4
DA:19,1
DA:20,1
DA:22,1
DA:23,1
DA:24,1
DA:35,3
DA:38,3
DA:41,2
DA:44,2
DA:47,2
LF:16
LH:16
end_of_record
