SF:/home/helio/Dropbox/WORK/dart/dartian/packages/dartian_cli/lib/dartian_cli.dart
DA:9,3
DA:10,3
DA:11,3
DA:12,3
DA:13,3
DA:14,3
DA:15,3
DA:16,3
DA:17,3
DA:18,3
DA:19,3
DA:20,3
DA:22,3
DA:24,3
DA:25,2
DA:26,1
DA:30,6
DA:31,7
DA:34,3
DA:36,3
DA:37,1
DA:38,3
DA:41,3
DA:44,3
DA:45,3
DA:46,1
DA:47,0
DA:51,1
DA:52,0
DA:56,1
DA:57,0
DA:61,1
DA:64,1
DA:68,1
DA:72,3
DA:73,3
DA:77,2
DA:78,2
DA:81,2
DA:82,1
DA:83,1
DA:84,1
DA:85,0
DA:86,0
DA:87,0
DA:88,0
DA:89,0
DA:90,0
DA:91,0
DA:92,0
DA:93,0
DA:94,0
DA:95,0
DA:96,0
DA:98,0
DA:102,1
DA:103,1
DA:107,1
DA:108,1
DA:111,1
DA:112,1
DA:116,1
DA:117,1
DA:120,1
DA:123,1
DA:124,1
DA:125,1
DA:129,1
DA:130,1
DA:131,5
DA:134,1
DA:135,2
DA:136,1
DA:137,1
DA:138,1
DA:143,1
DA:144,1
DA:147,1
DA:148,1
DA:167,1
DA:169,1
DA:171,0
DA:175,1
DA:178,1
DA:179,1
DA:180,1
DA:184,1
DA:185,1
DA:186,1
DA:187,1
DA:191,1
DA:192,1
DA:195,1
DA:196,1
DA:222,1
DA:224,1
DA:226,0
DA:230,0
DA:231,0
DA:235,0
DA:236,0
DA:239,0
DA:242,0
DA:243,0
DA:244,0
DA:248,0
DA:249,0
DA:252,0
DA:253,0
DA:285,0
DA:287,0
DA:289,0
DA:291,0
DA:295,0
DA:296,0
DA:300,0
DA:301,0
DA:304,0
DA:307,0
DA:308,0
DA:309,0
DA:313,0
DA:314,0
DA:317,0
DA:318,0
DA:322,0
DA:385,0
DA:387,0
DA:389,0
DA:391,0
DA:395,0
DA:396,0
DA:400,0
DA:401,0
DA:404,0
DA:407,0
DA:408,0
DA:409,0
DA:413,0
DA:414,0
DA:417,0
DA:420,0
DA:421,0
DA:424,0
DA:425,0
DA:450,0
DA:452,0
DA:454,0
DA:456,0
DA:460,0
DA:461,0
DA:465,0
DA:466,0
DA:469,0
DA:472,0
DA:473,0
DA:474,0
DA:478,0
DA:479,0
DA:482,0
DA:483,0
DA:542,0
DA:544,0
DA:546,0
DA:548,0
DA:552,0
DA:553,0
DA:557,0
DA:558,0
DA:561,0
DA:564,0
DA:565,0
DA:566,0
DA:570,0
DA:571,0
DA:574,0
DA:575,0
DA:597,0
DA:599,0
DA:601,0
DA:603,0
DA:607,0
DA:608,0
DA:612,0
DA:613,0
DA:616,0
DA:619,0
DA:620,0
DA:621,0
DA:625,0
DA:628,0
DA:629,0
DA:632,0
DA:633,0
DA:637,0
DA:662,0
DA:664,0
DA:666,0
DA:668,0
DA:673,0
DA:675,0
DA:676,0
DA:679,0
DA:681,0
DA:682,0
DA:683,0
DA:684,0
DA:686,0
DA:689,0
DA:691,0
DA:692,0
DA:693,0
DA:696,1
LF:213
LH:80
end_of_record
SF:/home/helio/Dropbox/WORK/dart/dartian/packages/dartian_cli/lib/src/commands/serve_command.dart
DA:29,0
DA:30,0
DA:31,0
DA:33,0
DA:38,0
DA:40,0
DA:41,0
DA:42,0
DA:46,0
DA:47,0
DA:49,0
DA:50,0
DA:51,0
DA:52,0
DA:53,0
DA:54,0
DA:57,0
DA:60,0
DA:63,0
DA:64,0
DA:65,0
DA:66,0
DA:70,0
DA:73,0
DA:76,0
DA:78,0
DA:79,0
DA:80,0
DA:85,0
DA:88,0
DA:89,0
DA:90,0
DA:91,0
DA:92,0
DA:94,0
DA:102,0
DA:103,0
DA:107,0
DA:112,0
DA:114,0
DA:115,0
DA:116,0
DA:117,0
DA:119,0
DA:124,0
DA:125,0
DA:126,0
DA:127,0
DA:128,0
DA:133,0
DA:134,0
DA:136,0
DA:137,0
DA:138,0
DA:139,0
DA:142,0
DA:144,0
DA:148,0
DA:149,0
DA:153,0
DA:155,0
DA:160,0
DA:161,0
DA:162,0
DA:167,0
DA:168,0
DA:169,0
DA:170,0
DA:174,0
DA:177,0
DA:181,0
DA:184,0
DA:185,0
DA:188,0
DA:189,0
DA:191,0
DA:192,0
DA:193,0
DA:196,0
DA:197,0
DA:198,0
DA:199,0
DA:200,0
DA:202,0
DA:205,0
DA:207,0
DA:208,0
DA:209,0
DA:211,0
DA:215,0
DA:217,0
DA:219,0
DA:221,0
DA:228,0
DA:230,0
DA:231,0
DA:233,0
DA:234,0
DA:237,0
DA:238,0
DA:239,0
DA:243,0
DA:244,0
DA:245,0
DA:248,0
LF:105
LH:0
end_of_record
