SF:/home/helio/Dropbox/WORK/dart/dartian/packages/dartian_cli/lib/dartian_cli.dart
DA:9,4
DA:10,4
DA:11,4
DA:12,4
DA:13,4
DA:14,4
DA:15,4
DA:16,4
DA:17,4
DA:18,4
DA:19,4
DA:20,4
DA:22,4
DA:24,4
DA:25,4
DA:26,2
DA:30,8
DA:31,10
DA:34,4
DA:36,4
DA:37,2
DA:38,4
DA:41,4
DA:44,4
DA:45,4
DA:46,2
DA:47,3
DA:51,2
DA:52,3
DA:56,2
DA:57,1
DA:61,2
DA:64,2
DA:68,2
DA:72,4
DA:73,4
DA:77,3
DA:78,3
DA:81,3
DA:82,1
DA:83,2
DA:84,1
DA:85,1
DA:86,1
DA:87,1
DA:88,1
DA:89,1
DA:90,1
DA:91,1
DA:92,1
DA:93,1
DA:94,1
DA:95,1
DA:96,1
DA:98,1
DA:102,1
DA:103,1
DA:107,1
DA:108,1
DA:111,1
DA:112,1
DA:116,1
DA:117,1
DA:120,1
DA:123,1
DA:124,1
DA:125,1
DA:129,1
DA:130,1
DA:131,5
DA:134,1
DA:135,2
DA:136,1
DA:137,1
DA:138,1
DA:143,1
DA:144,1
DA:147,1
DA:148,1
DA:167,1
DA:169,1
DA:171,0
DA:175,1
DA:178,1
DA:179,1
DA:180,1
DA:184,1
DA:185,1
DA:186,1
DA:187,1
DA:191,1
DA:192,1
DA:195,1
DA:196,1
DA:222,1
DA:224,1
DA:226,0
DA:230,1
DA:231,1
DA:235,1
DA:236,1
DA:239,1
DA:242,1
DA:243,1
DA:244,0
DA:248,1
DA:249,1
DA:252,1
DA:253,1
DA:285,0
DA:287,0
DA:289,0
DA:291,0
DA:295,1
DA:296,1
DA:300,1
DA:301,1
DA:304,1
DA:307,1
DA:308,1
DA:309,0
DA:313,1
DA:314,1
DA:317,1
DA:318,1
DA:322,0
DA:385,0
DA:387,0
DA:389,0
DA:391,0
DA:395,1
DA:396,1
DA:400,1
DA:401,1
DA:404,1
DA:407,1
DA:408,1
DA:409,0
DA:413,1
DA:414,17
DA:417,1
DA:420,1
DA:421,1
DA:424,1
DA:425,0
DA:450,1
DA:452,1
DA:454,1
DA:456,0
DA:460,1
DA:461,1
DA:465,1
DA:466,1
DA:469,1
DA:472,1
DA:473,1
DA:474,0
DA:478,1
DA:479,1
DA:482,1
DA:483,1
DA:542,0
DA:544,0
DA:546,0
DA:548,0
DA:552,1
DA:553,1
DA:557,1
DA:558,1
DA:561,1
DA:564,1
DA:565,1
DA:566,0
DA:570,1
DA:571,1
DA:574,1
DA:575,1
DA:597,0
DA:599,0
DA:601,0
DA:603,0
DA:607,1
DA:608,1
DA:612,1
DA:613,1
DA:616,1
DA:619,1
DA:620,1
DA:621,0
DA:625,2
DA:628,1
DA:629,1
DA:632,1
DA:633,1
DA:637,0
DA:662,0
DA:664,0
DA:666,0
DA:668,0
DA:673,0
DA:675,0
DA:676,0
DA:679,0
DA:681,0
DA:682,0
DA:683,0
DA:684,0
DA:686,0
DA:689,1
DA:691,1
DA:692,6
DA:693,1
DA:696,2
LF:213
LH:172
end_of_record
SF:/home/helio/Dropbox/WORK/dart/dartian/packages/dartian_cli/lib/src/commands/serve_command.dart
DA:29,0
DA:30,0
DA:31,0
DA:33,0
DA:38,0
DA:40,0
DA:41,0
DA:42,0
DA:46,0
DA:47,0
DA:49,0
DA:50,0
DA:51,0
DA:52,0
DA:53,0
DA:54,0
DA:57,0
DA:60,0
DA:63,0
DA:64,0
DA:65,0
DA:66,0
DA:70,0
DA:73,0
DA:76,0
DA:78,0
DA:79,0
DA:80,0
DA:85,0
DA:88,0
DA:89,0
DA:90,0
DA:91,0
DA:92,0
DA:94,0
DA:102,0
DA:103,0
DA:107,0
DA:112,0
DA:114,0
DA:115,0
DA:116,0
DA:117,0
DA:119,0
DA:124,0
DA:125,0
DA:126,0
DA:127,0
DA:128,0
DA:133,0
DA:134,0
DA:136,0
DA:137,0
DA:138,0
DA:139,0
DA:142,0
DA:144,0
DA:148,0
DA:149,0
DA:153,0
DA:155,0
DA:160,0
DA:161,0
DA:162,0
DA:167,0
DA:168,0
DA:169,0
DA:170,0
DA:174,0
DA:177,0
DA:181,0
DA:184,0
DA:185,0
DA:188,0
DA:189,0
DA:191,0
DA:192,0
DA:193,0
DA:196,0
DA:197,0
DA:198,0
DA:199,0
DA:200,0
DA:202,0
DA:205,0
DA:207,0
DA:208,0
DA:209,0
DA:211,0
DA:215,0
DA:217,0
DA:219,0
DA:221,0
DA:228,0
DA:230,0
DA:231,0
DA:233,0
DA:234,0
DA:237,0
DA:238,0
DA:239,0
DA:243,0
DA:244,0
DA:245,0
DA:248,0
LF:105
LH:0
end_of_record
