SF:/home/helio/Dropbox/WORK/dart/dartian/packages/dartian_auth/lib/src/auth_manager.dart
DA:12,1
DA:19,1
DA:29,1
DA:30,0
DA:33,2
DA:34,1
DA:37,2
DA:38,1
DA:42,1
DA:45,1
DA:46,1
DA:50,2
DA:55,1
DA:60,0
DA:65,1
DA:73,2
DA:74,1
DA:78,1
DA:81,0
DA:84,1
DA:87,1
DA:88,1
DA:92,1
DA:93,1
DA:94,1
DA:98,1
DA:99,1
DA:100,1
DA:101,1
DA:102,1
DA:104,1
DA:105,1
DA:108,1
DA:112,1
DA:115,0
DA:120,1
DA:125,1
DA:129,0
DA:134,1
DA:137,2
DA:140,0
DA:144,2
DA:145,1
DA:148,1
DA:150,1
DA:151,1
DA:154,1
DA:156,1
DA:159,0
DA:164,1
DA:173,2
DA:174,1
DA:178,1
DA:181,0
DA:185,1
DA:187,1
DA:188,1
DA:196,1
DA:200,0
DA:205,1
DA:207,2
DA:208,0
DA:214,1
DA:216,1
DA:218,1
DA:221,0
DA:226,1
DA:232,2
DA:233,0
DA:239,1
DA:243,0
DA:248,1
DA:251,1
DA:254,1
DA:255,1
DA:256,2
DA:261,1
DA:264,1
DA:266,1
DA:267,1
DA:268,1
DA:269,2
DA:283,1
DA:292,1
DA:299,1
DA:309,1
DA:310,1
LF:87
LH:74
end_of_record
SF:/home/helio/Dropbox/WORK/dart/dartian/packages/dartian_auth/lib/src/session.dart
DA:9,1
DA:18,4
DA:21,0
DA:24,4
DA:27,2
DA:28,1
DA:29,1
DA:30,2
DA:31,2
DA:32,1
DA:36,2
DA:37,1
DA:38,1
DA:39,2
DA:40,2
DA:41,2
DA:45,1
DA:46,1
DA:47,1
DA:48,4
DA:51,1
LF:21
LH:20
end_of_record
SF:/home/helio/Dropbox/WORK/dart/dartian/packages/dartian_auth/lib/src/jwt.dart
DA:12,1
DA:21,1
DA:22,1
DA:23,1
DA:29,1
DA:32,1
DA:33,4
DA:38,5
DA:41,2
DA:42,2
DA:43,1
DA:47,1
DA:48,1
DA:49,1
DA:50,1
DA:51,2
DA:54,1
DA:55,1
DA:60,4
DA:65,1
DA:67,1
DA:68,2
DA:71,4
DA:72,1
DA:76,3
DA:77,1
DA:78,1
DA:79,1
DA:80,1
DA:81,2
DA:83,1
DA:89,1
DA:91,2
DA:92,2
DA:97,1
DA:101,4
DA:102,2
DA:110,1
DA:111,2
DA:115,1
DA:116,2
DA:120,1
DA:123,3
DA:124,0
DA:126,1
LF:45
LH:44
end_of_record
SF:/home/helio/Dropbox/WORK/dart/dartian/packages/dartian_auth/lib/src/password.dart
DA:22,1
DA:23,1
DA:24,1
DA:27,2
DA:28,1
DA:31,2
DA:42,1
DA:43,2
DA:48,1
DA:63,1
DA:67,1
DA:68,2
DA:70,2
DA:73,1
DA:85,1
DA:86,1
DA:87,0
DA:94,1
DA:95,1
DA:96,1
DA:98,4
LF:21
LH:20
end_of_record
SF:/home/helio/Dropbox/WORK/dart/dartian/packages/dartian_auth/lib/src/auth_middleware.dart
DA:8,0
DA:11,0
DA:12,0
DA:13,0
DA:16,0
DA:18,0
DA:19,0
DA:23,0
DA:26,0
DA:27,0
DA:28,0
DA:33,0
DA:35,0
DA:38,0
DA:40,0
DA:43,0
DA:44,0
DA:51,0
DA:52,0
DA:59,0
DA:60,0
DA:70,0
DA:71,0
DA:75,0
DA:76,0
DA:80,0
DA:81,0
DA:85,0
DA:86,0
LF:29
LH:0
end_of_record
SF:/home/helio/Dropbox/WORK/dart/dartian/packages/dartian_auth/lib/src/guard.dart
DA:22,0
DA:27,0
DA:29,0
DA:30,0
DA:32,0
DA:33,0
DA:37,0
DA:40,0
DA:42,0
DA:45,0
DA:47,0
DA:48,0
DA:51,0
DA:55,0
DA:56,0
DA:62,0
DA:63,0
DA:68,0
DA:70,0
DA:73,0
DA:74,0
DA:77,0
DA:79,0
DA:82,0
DA:83,0
DA:89,0
DA:90,0
DA:96,0
DA:97,0
DA:100,0
DA:101,0
DA:104,0
DA:105,0
DA:107,0
DA:108,0
DA:109,0
DA:111,0
DA:123,0
DA:129,0
DA:131,0
DA:132,0
DA:134,0
DA:135,0
DA:139,0
DA:142,0
DA:145,0
DA:149,0
DA:151,0
DA:154,0
DA:157,0
DA:160,0
DA:164,0
DA:165,0
DA:168,0
DA:173,0
DA:174,0
DA:179,0
DA:181,0
DA:184,0
DA:185,0
DA:188,0
DA:190,0
DA:191,0
DA:195,0
DA:196,0
DA:198,0
DA:199,0
DA:200,0
DA:201,0
DA:202,0
DA:205,0
DA:206,0
DA:209,0
DA:210,0
DA:214,0
DA:215,0
DA:219,0
DA:220,0
DA:223,0
DA:224,0
DA:227,0
DA:228,0
DA:229,0
DA:230,0
DA:231,0
DA:238,0
DA:239,0
DA:240,0
DA:241,0
DA:242,0
DA:244,0
DA:249,0
DA:250,0
LF:93
LH:0
end_of_record
