SF:/home/helio/Dropbox/WORK/dart/dartian/packages/dartian_auth/lib/src/auth_manager.dart
DA:12,1
DA:19,1
DA:29,1
DA:30,0
DA:33,2
DA:34,1
DA:37,2
DA:38,1
DA:42,1
DA:45,1
DA:46,1
DA:50,2
DA:55,1
DA:60,0
DA:65,1
DA:73,2
DA:74,1
DA:78,1
DA:81,0
DA:84,1
DA:87,1
DA:88,1
DA:92,1
DA:93,1
DA:94,1
DA:98,1
DA:99,1
DA:100,1
DA:101,1
DA:102,1
DA:104,1
DA:105,1
DA:108,1
DA:112,1
DA:115,0
DA:120,1
DA:125,1
DA:129,0
DA:134,1
DA:137,2
DA:140,0
DA:144,2
DA:145,1
DA:148,1
DA:150,1
DA:151,1
DA:154,1
DA:156,1
DA:159,0
DA:164,1
DA:173,2
DA:174,1
DA:178,1
DA:181,0
DA:185,1
DA:187,1
DA:188,1
DA:196,1
DA:200,0
DA:205,1
DA:207,2
DA:208,0
DA:214,1
DA:216,1
DA:218,1
DA:221,0
DA:226,1
DA:232,2
DA:233,0
DA:239,1
DA:243,0
DA:248,1
DA:251,1
DA:254,1
DA:255,1
DA:256,2
DA:261,1
DA:264,1
DA:266,1
DA:267,1
DA:268,1
DA:269,2
DA:283,1
DA:292,1
DA:299,1
DA:309,1
DA:310,1
LF:87
LH:74
end_of_record
SF:/home/helio/Dropbox/WORK/dart/dartian/packages/dartian_auth/lib/src/session.dart
DA:9,2
DA:18,8
DA:21,0
DA:24,4
DA:27,2
DA:28,1
DA:29,1
DA:30,2
DA:31,2
DA:32,1
DA:36,2
DA:37,1
DA:38,1
DA:39,2
DA:40,2
DA:41,2
DA:45,2
DA:46,2
DA:47,2
DA:48,8
DA:51,2
LF:21
LH:20
end_of_record
SF:/home/helio/Dropbox/WORK/dart/dartian/packages/dartian_auth/lib/src/jwt.dart
DA:12,3
DA:21,3
DA:22,3
DA:23,3
DA:29,3
DA:32,3
DA:33,12
DA:38,15
DA:41,6
DA:42,6
DA:43,3
DA:47,3
DA:48,3
DA:49,3
DA:50,3
DA:51,6
DA:54,3
DA:55,3
DA:60,12
DA:65,3
DA:67,3
DA:68,6
DA:71,12
DA:72,3
DA:76,9
DA:77,3
DA:78,3
DA:79,3
DA:80,3
DA:81,6
DA:83,3
DA:89,3
DA:91,6
DA:92,6
DA:97,3
DA:101,12
DA:102,2
DA:110,3
DA:111,6
DA:115,3
DA:116,6
DA:120,3
DA:123,9
DA:124,0
DA:126,3
LF:45
LH:44
end_of_record
SF:/home/helio/Dropbox/WORK/dart/dartian/packages/dartian_auth/lib/src/password.dart
DA:22,1
DA:23,1
DA:24,1
DA:27,2
DA:28,1
DA:31,2
DA:42,1
DA:43,2
DA:48,1
DA:63,1
DA:67,1
DA:68,2
DA:70,2
DA:73,1
DA:85,1
DA:86,1
DA:87,0
DA:94,1
DA:95,1
DA:96,1
DA:98,4
LF:21
LH:20
end_of_record
SF:/home/helio/Dropbox/WORK/dart/dartian/packages/dartian_auth/lib/src/auth_middleware.dart
DA:8,1
DA:11,1
DA:12,1
DA:13,1
DA:16,1
DA:18,1
DA:19,1
DA:23,2
DA:26,2
DA:27,1
DA:28,1
DA:33,1
DA:35,1
DA:38,1
DA:40,1
DA:43,1
DA:44,1
DA:51,1
DA:52,2
DA:59,1
DA:60,1
DA:70,1
DA:71,2
DA:75,1
DA:76,2
DA:80,1
DA:81,3
DA:85,1
DA:86,2
LF:29
LH:29
end_of_record
SF:/home/helio/Dropbox/WORK/dart/dartian/packages/dartian_auth/lib/src/guard.dart
DA:22,1
DA:27,1
DA:29,1
DA:30,1
DA:32,3
DA:33,1
DA:37,1
DA:40,1
DA:42,1
DA:45,2
DA:47,1
DA:48,1
DA:51,1
DA:55,1
DA:56,1
DA:62,1
DA:63,1
DA:68,1
DA:70,1
DA:73,2
DA:74,1
DA:77,1
DA:79,2
DA:82,1
DA:83,2
DA:89,1
DA:90,1
DA:96,1
DA:97,2
DA:100,0
DA:101,0
DA:104,1
DA:105,3
DA:107,1
DA:108,3
DA:109,1
DA:111,1
DA:123,1
DA:129,1
DA:131,1
DA:132,1
DA:134,3
DA:135,1
DA:139,1
DA:142,1
DA:145,1
DA:149,2
DA:151,1
DA:154,2
DA:157,1
DA:160,1
DA:164,1
DA:165,1
DA:168,1
DA:173,1
DA:174,1
DA:179,1
DA:181,1
DA:184,2
DA:185,1
DA:188,1
DA:190,2
DA:191,1
DA:195,1
DA:196,2
DA:198,1
DA:199,1
DA:200,1
DA:201,1
DA:202,1
DA:205,3
DA:206,1
DA:209,3
DA:210,1
DA:214,1
DA:215,2
DA:219,1
DA:220,2
DA:223,1
DA:224,2
DA:227,1
DA:228,2
DA:229,2
DA:230,5
DA:231,1
DA:238,1
DA:239,3
DA:240,1
DA:241,3
DA:242,1
DA:244,1
DA:249,1
DA:250,4
LF:93
LH:91
end_of_record
