SF:/home/user/dartian/packages/dartian_queue/lib/src/queue.dart
DA:13,5
DA:22,6
DA:23,3
DA:24,3
DA:25,3
DA:26,6
DA:27,6
DA:28,3
DA:32,6
DA:33,3
DA:34,3
DA:35,3
DA:36,6
DA:37,9
DA:38,6
LF:15
LH:15
end_of_record
SF:/home/user/dartian/packages/dartian_queue/lib/src/queue_manager.dart
DA:23,4
DA:26,1
DA:27,1
DA:29,1
DA:32,2
DA:33,2
DA:36,1
DA:37,2
DA:39,2
DA:40,2
DA:43,1
DA:49,4
DA:50,4
DA:51,8
DA:52,5
DA:56,4
DA:59,4
DA:60,8
DA:64,4
DA:65,8
LF:20
LH:20
end_of_record
SF:/home/user/dartian/packages/dartian_queue/lib/src/job_handler.dart
DA:10,1
DA:11,1
DA:12,2
DA:16,1
DA:19,1
DA:21,2
DA:22,1
DA:31,1
DA:32,1
DA:35,1
DA:38,2
DA:40,1
DA:41,2
DA:42,1
DA:45,1
DA:47,2
DA:49,2
DA:54,2
DA:55,1
LF:19
LH:19
end_of_record
SF:/home/user/dartian/packages/dartian_queue/lib/src/workers/sync_worker.dart
DA:9,2
DA:11,2
DA:12,6
DA:15,2
DA:18,10
DA:19,2
DA:22,2
DA:24,4
DA:25,2
DA:27,2
DA:30,2
DA:32,6
DA:35,2
DA:37,6
DA:45,1
DA:47,1
DA:50,1
DA:52,1
DA:55,1
DA:59,1
LF:20
LH:20
end_of_record
SF:/home/user/dartian/packages/dartian_queue/lib/src/workers/isolate_worker.dart
DA:11,1
DA:13,2
DA:16,1
DA:18,2
DA:21,1
DA:23,2
DA:26,1
DA:28,2
DA:40,2
DA:42,1
DA:44,1
DA:46,1
DA:49,4
DA:50,1
DA:51,1
DA:52,2
DA:53,3
DA:54,2
DA:60,1
DA:62,1
DA:64,1
DA:65,2
DA:66,1
DA:67,2
DA:70,2
DA:71,0
DA:72,0
DA:75,2
DA:78,1
DA:80,1
DA:81,0
DA:84,1
DA:85,3
DA:88,3
DA:90,1
DA:91,2
DA:95,1
DA:96,1
DA:97,2
DA:98,2
DA:103,1
DA:104,1
DA:105,2
DA:108,1
DA:109,1
DA:111,1
DA:115,1
DA:116,1
DA:119,2
DA:121,2
DA:122,1
DA:123,1
DA:125,1
DA:126,1
DA:127,1
DA:128,1
DA:133,1
DA:134,2
DA:136,0
DA:137,0
DA:138,0
LF:61
LH:55
end_of_record
SF:/home/user/dartian/packages/dartian_queue/lib/src/workers/redis_worker.dart
DA:13,1
DA:15,3
DA:16,3
DA:18,1
DA:20,2
DA:21,1
DA:22,1
DA:23,1
DA:27,1
DA:31,5
DA:34,5
DA:39,1
DA:42,5
DA:47,3
DA:50,2
DA:53,1
DA:55,5
DA:59,1
DA:61,5
DA:70,1
DA:72,1
DA:74,1
DA:77,1
DA:79,1
DA:82,1
DA:85,1
DA:88,6
DA:91,2
LF:28
LH:28
end_of_record
